mode: set
bookstore/feature/users/usecase/logic.go:19.72,24.2 1 1
bookstore/feature/users/usecase/logic.go:26.74,29.16 3 1
bookstore/feature/users/usecase/logic.go:33.2,34.16 2 1
bookstore/feature/users/usecase/logic.go:38.2,41.16 3 1
bookstore/feature/users/usecase/logic.go:45.2,45.22 1 1
bookstore/feature/users/usecase/logic.go:48.2,48.22 1 1
bookstore/feature/users/usecase/logic.go:29.16,32.3 2 0
bookstore/feature/users/usecase/logic.go:34.16,37.3 2 0
bookstore/feature/users/usecase/logic.go:41.16,44.3 2 1
bookstore/feature/users/usecase/logic.go:45.22,47.3 1 1
bookstore/feature/users/usecase/logic.go:51.101,55.2 2 1
bookstore/feature/users/usecase/logic.go:57.91,58.14 1 1
bookstore/feature/users/usecase/logic.go:61.2,63.16 2 1
bookstore/feature/users/usecase/logic.go:67.2,70.20 3 1
bookstore/feature/users/usecase/logic.go:73.2,73.20 1 1
bookstore/feature/users/usecase/logic.go:58.14,60.3 1 0
bookstore/feature/users/usecase/logic.go:63.16,66.3 2 0
bookstore/feature/users/usecase/logic.go:70.20,72.3 1 1
bookstore/feature/users/usecase/logic.go:76.64,79.16 2 1
bookstore/feature/users/usecase/logic.go:88.2,88.18 1 1
bookstore/feature/users/usecase/logic.go:79.16,81.36 2 1
bookstore/feature/users/usecase/logic.go:81.36,83.4 1 1
bookstore/feature/users/usecase/logic.go:83.9,85.4 1 0
bookstore/feature/users/usecase/logic.go:91.64,93.16 2 1
bookstore/feature/users/usecase/logic.go:101.2,101.17 1 1
bookstore/feature/users/usecase/logic.go:93.16,95.36 2 1
bookstore/feature/users/usecase/logic.go:95.36,97.4 1 0
bookstore/feature/users/usecase/logic.go:97.9,99.4 1 1
