mode: set
bookstore/feature/users/usecase/logic.go:19.72,24.2 1 1
bookstore/feature/users/usecase/logic.go:26.74,28.28 1 1
bookstore/feature/users/usecase/logic.go:31.2,31.28 1 1
bookstore/feature/users/usecase/logic.go:34.2,34.28 1 1
bookstore/feature/users/usecase/logic.go:37.2,37.25 1 1
bookstore/feature/users/usecase/logic.go:41.2,42.16 2 1
bookstore/feature/users/usecase/logic.go:46.2,49.16 3 1
bookstore/feature/users/usecase/logic.go:53.2,53.22 1 1
bookstore/feature/users/usecase/logic.go:28.28,30.3 1 1
bookstore/feature/users/usecase/logic.go:31.28,33.3 1 1
bookstore/feature/users/usecase/logic.go:34.28,36.3 1 1
bookstore/feature/users/usecase/logic.go:37.25,39.3 1 1
bookstore/feature/users/usecase/logic.go:42.16,45.3 2 0
bookstore/feature/users/usecase/logic.go:49.16,52.3 2 1
bookstore/feature/users/usecase/logic.go:56.101,60.2 2 1
bookstore/feature/users/usecase/logic.go:62.91,65.24 3 1
bookstore/feature/users/usecase/logic.go:68.2,68.24 1 1
bookstore/feature/users/usecase/logic.go:71.2,71.21 1 1
bookstore/feature/users/usecase/logic.go:75.2,75.14 1 1
bookstore/feature/users/usecase/logic.go:79.2,80.16 2 1
bookstore/feature/users/usecase/logic.go:85.2,87.16 3 1
bookstore/feature/users/usecase/logic.go:91.2,91.20 1 1
bookstore/feature/users/usecase/logic.go:65.24,67.3 1 0
bookstore/feature/users/usecase/logic.go:68.24,70.3 1 0
bookstore/feature/users/usecase/logic.go:71.21,73.3 1 0
bookstore/feature/users/usecase/logic.go:75.14,77.3 1 0
bookstore/feature/users/usecase/logic.go:80.16,83.3 2 0
bookstore/feature/users/usecase/logic.go:87.16,89.3 1 1
bookstore/feature/users/usecase/logic.go:94.64,97.16 2 1
bookstore/feature/users/usecase/logic.go:106.2,106.18 1 1
bookstore/feature/users/usecase/logic.go:97.16,99.36 2 1
bookstore/feature/users/usecase/logic.go:99.36,101.4 1 1
bookstore/feature/users/usecase/logic.go:101.9,103.4 1 0
bookstore/feature/users/usecase/logic.go:109.64,111.16 2 1
bookstore/feature/users/usecase/logic.go:119.2,119.17 1 1
bookstore/feature/users/usecase/logic.go:111.16,113.36 2 1
bookstore/feature/users/usecase/logic.go:113.36,115.4 1 0
bookstore/feature/users/usecase/logic.go:115.9,117.4 1 1
